[08-Dec-2023 09:24:54 UTC] PHP Warning:  Undefined array key "seq_num" in C:\Users\theor\Local Sites\p6-oc-planty\app\public\wp-content\plugins\ninja-forms\includes\Admin\Processes\ImportForm.php on line 271
[08-Dec-2023 09:24:54 UTC] PHP Warning:  Undefined array key "seq_num" in C:\Users\theor\Local Sites\p6-oc-planty\app\public\wp-content\plugins\ninja-forms\includes\Admin\Processes\ImportForm.php on line 272
[08-Dec-2023 09:24:54 UTC] PHP Warning:  Undefined array key "updated_at" in C:\Users\theor\Local Sites\p6-oc-planty\app\public\wp-content\plugins\ninja-forms\includes\Admin\Processes\ImportForm.php on line 359
[08-Dec-2023 09:24:54 UTC] PHP Warning:  Undefined array key "updated_at" in C:\Users\theor\Local Sites\p6-oc-planty\app\public\wp-content\plugins\ninja-forms\includes\Admin\Processes\ImportForm.php on line 360
[08-Dec-2023 09:24:54 UTC] PHP Warning:  Undefined array key "updated_at" in C:\Users\theor\Local Sites\p6-oc-planty\app\public\wp-content\plugins\ninja-forms\includes\Admin\Processes\ImportForm.php on line 359
[08-Dec-2023 09:24:54 UTC] PHP Warning:  Undefined array key "updated_at" in C:\Users\theor\Local Sites\p6-oc-planty\app\public\wp-content\plugins\ninja-forms\includes\Admin\Processes\ImportForm.php on line 360
[08-Dec-2023 09:24:54 UTC] PHP Warning:  Undefined array key "updated_at" in C:\Users\theor\Local Sites\p6-oc-planty\app\public\wp-content\plugins\ninja-forms\includes\Admin\Processes\ImportForm.php on line 359
[08-Dec-2023 09:24:54 UTC] PHP Warning:  Undefined array key "updated_at" in C:\Users\theor\Local Sites\p6-oc-planty\app\public\wp-content\plugins\ninja-forms\includes\Admin\Processes\ImportForm.php on line 360
[08-Dec-2023 09:24:54 UTC] PHP Warning:  Undefined array key "updated_at" in C:\Users\theor\Local Sites\p6-oc-planty\app\public\wp-content\plugins\ninja-forms\includes\Admin\Processes\ImportForm.php on line 359
[08-Dec-2023 09:24:54 UTC] PHP Warning:  Undefined array key "updated_at" in C:\Users\theor\Local Sites\p6-oc-planty\app\public\wp-content\plugins\ninja-forms\includes\Admin\Processes\ImportForm.php on line 360
[08-Dec-2023 09:24:54 UTC] PHP Warning:  Undefined array key "id" in C:\Users\theor\Local Sites\p6-oc-planty\app\public\wp-content\plugins\ninja-forms\includes\Admin\Processes\ImportForm.php on line 456
[08-Dec-2023 09:24:54 UTC] PHP Warning:  Undefined array key "id" in C:\Users\theor\Local Sites\p6-oc-planty\app\public\wp-content\plugins\ninja-forms\includes\Admin\Processes\ImportForm.php on line 457
[08-Dec-2023 09:24:54 UTC] PHP Warning:  Undefined array key "personally_identifiable" in C:\Users\theor\Local Sites\p6-oc-planty\app\public\wp-content\plugins\ninja-forms\includes\Admin\Processes\ImportForm.php on line 456
[08-Dec-2023 09:24:54 UTC] PHP Warning:  Undefined array key "personally_identifiable" in C:\Users\theor\Local Sites\p6-oc-planty\app\public\wp-content\plugins\ninja-forms\includes\Admin\Processes\ImportForm.php on line 457
[08-Dec-2023 09:24:54 UTC] PHP Warning:  Undefined array key "id" in C:\Users\theor\Local Sites\p6-oc-planty\app\public\wp-content\plugins\ninja-forms\includes\Admin\Processes\ImportForm.php on line 456
[08-Dec-2023 09:24:54 UTC] PHP Warning:  Undefined array key "id" in C:\Users\theor\Local Sites\p6-oc-planty\app\public\wp-content\plugins\ninja-forms\includes\Admin\Processes\ImportForm.php on line 457
[08-Dec-2023 09:24:54 UTC] PHP Warning:  Undefined array key "personally_identifiable" in C:\Users\theor\Local Sites\p6-oc-planty\app\public\wp-content\plugins\ninja-forms\includes\Admin\Processes\ImportForm.php on line 456
[08-Dec-2023 09:24:54 UTC] PHP Warning:  Undefined array key "personally_identifiable" in C:\Users\theor\Local Sites\p6-oc-planty\app\public\wp-content\plugins\ninja-forms\includes\Admin\Processes\ImportForm.php on line 457
[08-Dec-2023 09:24:54 UTC] PHP Warning:  Undefined array key "id" in C:\Users\theor\Local Sites\p6-oc-planty\app\public\wp-content\plugins\ninja-forms\includes\Admin\Processes\ImportForm.php on line 456
[08-Dec-2023 09:24:54 UTC] PHP Warning:  Undefined array key "id" in C:\Users\theor\Local Sites\p6-oc-planty\app\public\wp-content\plugins\ninja-forms\includes\Admin\Processes\ImportForm.php on line 457
[08-Dec-2023 09:24:54 UTC] PHP Warning:  Undefined array key "personally_identifiable" in C:\Users\theor\Local Sites\p6-oc-planty\app\public\wp-content\plugins\ninja-forms\includes\Admin\Processes\ImportForm.php on line 456
[08-Dec-2023 09:24:54 UTC] PHP Warning:  Undefined array key "personally_identifiable" in C:\Users\theor\Local Sites\p6-oc-planty\app\public\wp-content\plugins\ninja-forms\includes\Admin\Processes\ImportForm.php on line 457
[08-Dec-2023 09:24:54 UTC] PHP Warning:  Undefined array key "id" in C:\Users\theor\Local Sites\p6-oc-planty\app\public\wp-content\plugins\ninja-forms\includes\Admin\Processes\ImportForm.php on line 456
[08-Dec-2023 09:24:54 UTC] PHP Warning:  Undefined array key "id" in C:\Users\theor\Local Sites\p6-oc-planty\app\public\wp-content\plugins\ninja-forms\includes\Admin\Processes\ImportForm.php on line 457
[08-Dec-2023 09:24:54 UTC] PHP Warning:  Undefined array key "required" in C:\Users\theor\Local Sites\p6-oc-planty\app\public\wp-content\plugins\ninja-forms\includes\Admin\Processes\ImportForm.php on line 456
[08-Dec-2023 09:24:54 UTC] PHP Warning:  Undefined array key "required" in C:\Users\theor\Local Sites\p6-oc-planty\app\public\wp-content\plugins\ninja-forms\includes\Admin\Processes\ImportForm.php on line 457
[08-Dec-2023 09:24:54 UTC] PHP Warning:  Undefined array key "default" in C:\Users\theor\Local Sites\p6-oc-planty\app\public\wp-content\plugins\ninja-forms\includes\Admin\Processes\ImportForm.php on line 456
[08-Dec-2023 09:24:54 UTC] PHP Warning:  Undefined array key "default" in C:\Users\theor\Local Sites\p6-oc-planty\app\public\wp-content\plugins\ninja-forms\includes\Admin\Processes\ImportForm.php on line 457
[08-Dec-2023 09:24:54 UTC] PHP Warning:  Undefined array key "label_pos" in C:\Users\theor\Local Sites\p6-oc-planty\app\public\wp-content\plugins\ninja-forms\includes\Admin\Processes\ImportForm.php on line 456
[08-Dec-2023 09:24:54 UTC] PHP Warning:  Undefined array key "label_pos" in C:\Users\theor\Local Sites\p6-oc-planty\app\public\wp-content\plugins\ninja-forms\includes\Admin\Processes\ImportForm.php on line 457
[08-Dec-2023 09:24:54 UTC] PHP Warning:  Undefined array key "personally_identifiable" in C:\Users\theor\Local Sites\p6-oc-planty\app\public\wp-content\plugins\ninja-forms\includes\Admin\Processes\ImportForm.php on line 456
[08-Dec-2023 09:24:54 UTC] PHP Warning:  Undefined array key "personally_identifiable" in C:\Users\theor\Local Sites\p6-oc-planty\app\public\wp-content\plugins\ninja-forms\includes\Admin\Processes\ImportForm.php on line 457
[08-Dec-2023 09:36:27 UTC] PHP Fatal error:  Uncaught TypeError: Cannot access offset of type string on string in C:\Users\theor\Local Sites\p6-oc-planty\app\public\wp-content\plugins\formidable\classes\controllers\FrmAddonsController.php:1260
Stack trace:
#0 C:\Users\theor\Local Sites\p6-oc-planty\app\public\wp-content\plugins\formidable\classes\controllers\FrmWelcomeController.php(175): FrmAddonsController::conditional_action_button('views', 'views-info')
#1 C:\Users\theor\Local Sites\p6-oc-planty\app\public\wp-content\plugins\formidable\classes\views\welcome\show.php(90): FrmWelcomeController::maybe_show_conditional_action_button('views', 'views-info')
#2 C:\Users\theor\Local Sites\p6-oc-planty\app\public\wp-content\plugins\formidable\classes\controllers\FrmWelcomeController.php(102): include('C:\\Users\\theor\\...')
#3 C:\Users\theor\Local Sites\p6-oc-planty\app\public\wp-includes\class-wp-hook.php(324): FrmWelcomeController::screen_content('')
#4 C:\Users\theor\Local Sites\p6-oc-planty\app\public\wp-includes\class-wp-hook.php(348): WP_Hook->apply_filters('', Array)
#5 C:\Users\theor\Local Sites\p6-oc-planty\app\public\wp-includes\plugin.php(517): WP_Hook->do_action(Array)
#6 C:\Users\theor\Local Sites\p6-oc-planty\app\public\wp-admin\admin.php(259): do_action('formidable_page...')
#7 {main}
  thrown in C:\Users\theor\Local Sites\p6-oc-planty\app\public\wp-content\plugins\formidable\classes\controllers\FrmAddonsController.php on line 1260
[08-Dec-2023 10:45:00 UTC] PHP Fatal error:  Uncaught Error: Call to undefined function WprAddons\Modules\Forms\Widgets\wpforms_display() in C:\Users\theor\Local Sites\p6-oc-planty\app\public\wp-content\plugins\royal-elementor-addons\modules\forms\widgets\wpr-forms.php:2404
Stack trace:
#0 C:\Users\theor\Local Sites\p6-oc-planty\app\public\wp-content\plugins\royal-elementor-addons\modules\forms\widgets\wpr-forms.php(2431): WprAddons\Modules\Forms\Widgets\Wpr_Forms->render_wpforms_template(Array)
#1 C:\Users\theor\Local Sites\p6-oc-planty\app\public\wp-content\plugins\elementor\includes\base\controls-stack.php(2297): WprAddons\Modules\Forms\Widgets\Wpr_Forms->render()
#2 C:\Users\theor\Local Sites\p6-oc-planty\app\public\wp-content\plugins\elementor\includes\base\widget-base.php(614): Elementor\Controls_Stack->render_by_mode()
#3 C:\Users\theor\Local Sites\p6-oc-planty\app\public\wp-content\plugins\elementor\core\base\document.php(328): Elementor\Widget_Base->render_content()
#4 C:\Users\theor\Local Sites\p6-oc-planty\app\public\wp-content\plugins\elementor\includes\managers\widgets.php(459): Elementor\Core\Base\Document->render_element(Array)
#5 [internal function]: Elementor\Widgets_Manager->ajax_render_widget(Array, Object(Elementor\Core\Common\Modules\Ajax\Module))
#6 C:\Users\theor\Local Sites\p6-oc-planty\app\public\wp-content\plugins\elementor\core\common\modules\ajax\module.php(176): call_user_func(Array, Array, Object(Elementor\Core\Common\Modules\Ajax\Module))
#7 C:\Users\theor\Local Sites\p6-oc-planty\app\public\wp-includes\class-wp-hook.php(324): Elementor\Core\Common\Modules\Ajax\Module->handle_ajax_request('')
#8 C:\Users\theor\Local Sites\p6-oc-planty\app\public\wp-includes\class-wp-hook.php(348): WP_Hook->apply_filters('', Array)
#9 C:\Users\theor\Local Sites\p6-oc-planty\app\public\wp-includes\plugin.php(517): WP_Hook->do_action(Array)
#10 C:\Users\theor\Local Sites\p6-oc-planty\app\public\wp-admin\admin-ajax.php(188): do_action('wp_ajax_element...')
#11 {main}
  thrown in C:\Users\theor\Local Sites\p6-oc-planty\app\public\wp-content\plugins\royal-elementor-addons\modules\forms\widgets\wpr-forms.php on line 2404
[08-Dec-2023 10:58:53 UTC] Erreur d’événement de replanification de tâche pour le crochet action_scheduler_run_queue. Code d’erreur : invalid_schedule. Message d’erreur : L’évènement planifié n’existe pas.. Données : {"schedule":"every_minute","args":["WP Cron"],"interval":60}
[08-Dec-2023 23:17:05 UTC] PHP Warning:  Undefined array key "editor_post_id" in C:\Users\theor\Local Sites\p6-oc-planty\app\public\wp-content\plugins\elementor\modules\history\revisions-manager.php on line 363
[08-Dec-2023 23:18:09 UTC] PHP Warning:  Undefined array key "editor_post_id" in C:\Users\theor\Local Sites\p6-oc-planty\app\public\wp-content\plugins\elementor\modules\history\revisions-manager.php on line 363
[09-Dec-2023 18:05:24 UTC] PHP Warning:  Undefined array key "path" in C:\Users\theor\Local Sites\p6-oc-planty\app\public\wp-content\plugins\wpforms\wpforms.php on line 53
[10-Dec-2023 13:52:10 UTC] PHP Warning:  Undefined array key "options" in C:\Users\theor\Local Sites\p6-oc-planty\app\public\wp-content\plugins\pro-elements\modules\theme-builder\widgets\site-logo.php on line 192
[10-Dec-2023 14:30:23 UTC] PHP Parse error:  syntax error, unexpected identifier "afficher" in C:\Users\theor\Local Sites\p6-oc-planty\app\public\wp-content\themes\astra-child\functions.php on line 28
[10-Dec-2023 14:30:23 UTC] PHP Warning:  Trying to access array offset on value of type bool in C:\Users\theor\Local Sites\p6-oc-planty\app\public\wp-includes\class-wp-recovery-mode-email-service.php on line 367
[10-Dec-2023 14:30:23 UTC] PHP Warning:  Trying to access array offset on value of type bool in C:\Users\theor\Local Sites\p6-oc-planty\app\public\wp-includes\class-wp-recovery-mode-email-service.php on line 368
[10-Dec-2023 14:30:26 UTC] PHP Parse error:  syntax error, unexpected identifier "afficher" in C:\Users\theor\Local Sites\p6-oc-planty\app\public\wp-content\themes\astra-child\functions.php on line 28
[10-Dec-2023 14:30:27 UTC] PHP Parse error:  syntax error, unexpected identifier "afficher" in C:\Users\theor\Local Sites\p6-oc-planty\app\public\wp-content\themes\astra-child\functions.php on line 28
[10-Dec-2023 16:49:15 UTC] PHP Warning:  Undefined array key "template" in C:\Users\theor\Local Sites\p6-oc-planty\app\public\wp-content\plugins\astra-pro-sites\admin\bsf-core\index.php on line 321
[10-Dec-2023 16:50:23 UTC] Sync process for Gutenberg Blocks has started.
[10-Dec-2023 16:50:24 UTC] CATEGORY: Storing in option ast-block-templates-categories
[10-Dec-2023 16:50:24 UTC] BLOCK: Requests count 8
[10-Dec-2023 16:50:24 UTC] BLOCK: Importing request 1 ..
[10-Dec-2023 16:50:24 UTC] BLOCK: https://websitedemos.net/wp-json/astra-blocks/v2/blocks/?page_builder=gutenberg&per_page=30&page=1&wireframe=yes
[10-Dec-2023 16:50:24 UTC] BLOCK: Storing in option ast-block-templates-blocks-1
[10-Dec-2023 16:50:24 UTC] BLOCK: Completed request 1
[10-Dec-2023 16:50:24 UTC] BLOCK: Importing request 2 ..
[10-Dec-2023 16:50:24 UTC] BLOCK: https://websitedemos.net/wp-json/astra-blocks/v2/blocks/?page_builder=gutenberg&per_page=30&page=2&wireframe=yes
[10-Dec-2023 16:50:24 UTC] BLOCK: Storing in option ast-block-templates-blocks-2
[10-Dec-2023 16:50:25 UTC] BLOCK: Completed request 2
[10-Dec-2023 16:50:25 UTC] BLOCK: Importing request 3 ..
[10-Dec-2023 16:50:25 UTC] BLOCK: https://websitedemos.net/wp-json/astra-blocks/v2/blocks/?page_builder=gutenberg&per_page=30&page=3&wireframe=yes
[10-Dec-2023 16:50:25 UTC] BLOCK: Storing in option ast-block-templates-blocks-3
[10-Dec-2023 16:50:25 UTC] BLOCK: Completed request 3
[10-Dec-2023 16:50:25 UTC] BLOCK: Importing request 4 ..
[10-Dec-2023 16:50:25 UTC] BLOCK: https://websitedemos.net/wp-json/astra-blocks/v2/blocks/?page_builder=gutenberg&per_page=30&page=4&wireframe=yes
[10-Dec-2023 16:50:25 UTC] BLOCK: Storing in option ast-block-templates-blocks-4
[10-Dec-2023 16:50:25 UTC] BLOCK: Completed request 4
[10-Dec-2023 16:50:25 UTC] BLOCK: Importing request 5 ..
[10-Dec-2023 16:50:25 UTC] BLOCK: https://websitedemos.net/wp-json/astra-blocks/v2/blocks/?page_builder=gutenberg&per_page=30&page=5&wireframe=yes
[10-Dec-2023 16:50:26 UTC] BLOCK: Storing in option ast-block-templates-blocks-5
[10-Dec-2023 16:50:26 UTC] BLOCK: Completed request 5
[10-Dec-2023 16:50:26 UTC] BLOCK: Importing request 6 ..
[10-Dec-2023 16:50:26 UTC] BLOCK: https://websitedemos.net/wp-json/astra-blocks/v2/blocks/?page_builder=gutenberg&per_page=30&page=6&wireframe=yes
[10-Dec-2023 16:50:26 UTC] BLOCK: Storing in option ast-block-templates-blocks-6
[10-Dec-2023 16:50:26 UTC] BLOCK: Completed request 6
[10-Dec-2023 16:50:26 UTC] BLOCK: Importing request 7 ..
[10-Dec-2023 16:50:26 UTC] BLOCK: https://websitedemos.net/wp-json/astra-blocks/v2/blocks/?page_builder=gutenberg&per_page=30&page=7&wireframe=yes
[10-Dec-2023 16:50:26 UTC] BLOCK: Storing in option ast-block-templates-blocks-7
[10-Dec-2023 16:50:27 UTC] BLOCK: Completed request 7
[10-Dec-2023 16:50:27 UTC] BLOCK: Importing request 8 ..
[10-Dec-2023 16:50:27 UTC] BLOCK: https://websitedemos.net/wp-json/astra-blocks/v2/blocks/?page_builder=gutenberg&per_page=30&page=8&wireframe=yes
[10-Dec-2023 16:50:27 UTC] BLOCK: Storing in option ast-block-templates-blocks-8
[10-Dec-2023 16:50:27 UTC] BLOCK: Completed request 8
[10-Dec-2023 16:50:27 UTC] Sync process for Gutenberg Blocks is done.
[11-Dec-2023 01:48:20 UTC] PHP Warning:  Undefined array key "path" in C:\Users\theor\Local Sites\p6-oc-planty\app\public\wp-content\plugins\wpforms\wpforms.php on line 53
[11-Dec-2023 02:24:34 UTC] PHP Fatal error:  Uncaught Error: Call to undefined method ElementorPro\License\Admin::get_installed_time() in C:\Users\theor\Local Sites\p6-oc-planty\app\public\wp-content\plugins\pro-elements\core\admin\admin.php:264
Stack trace:
#0 C:\Users\theor\Local Sites\p6-oc-planty\app\public\wp-includes\class-wp-hook.php(324): ElementorPro\Core\Admin\Admin->change_tracker_params(Array)
#1 C:\Users\theor\Local Sites\p6-oc-planty\app\public\wp-includes\plugin.php(205): WP_Hook->apply_filters(Array, Array)
#2 C:\Users\theor\Local Sites\p6-oc-planty\app\public\wp-content\plugins\elementor\includes\tracker.php(563): apply_filters('elementor/track...', Array)
#3 C:\Users\theor\Local Sites\p6-oc-planty\app\public\wp-content\plugins\elementor\includes\tracker.php(141): Elementor\Tracker::get_tracking_data(true)
#4 C:\Users\theor\Local Sites\p6-oc-planty\app\public\wp-content\plugins\elementor\includes\tracker.php(222): Elementor\Tracker::send_tracking_data(true)
#5 C:\Users\theor\Local Sites\p6-oc-planty\app\public\wp-content\plugins\elementor\core\common\modules\connect\apps\base-app.php(212): Elementor\Tracker::set_opt_in(true)
#6 [internal function]: Elementor\Core\Common\Modules\Connect\Apps\Base_App->action_get_token()
#7 C:\Users\theor\Local Sites\p6-oc-planty\app\public\wp-content\plugins\elementor\core\common\modules\connect\admin.php(57): call_user_func(Array)
#8 C:\Users\theor\Local Sites\p6-oc-planty\app\public\wp-includes\class-wp-hook.php(324): Elementor\Core\Common\Modules\Connect\Admin->on_load_page('')
#9 C:\Users\theor\Local Sites\p6-oc-planty\app\public\wp-includes\class-wp-hook.php(348): WP_Hook->apply_filters('', Array)
#10 C:\Users\theor\Local Sites\p6-oc-planty\app\public\wp-includes\plugin.php(517): WP_Hook->do_action(Array)
#11 C:\Users\theor\Local Sites\p6-oc-planty\app\public\wp-admin\admin.php(237): do_action('load-elementor_...')
#12 {main}
  thrown in C:\Users\theor\Local Sites\p6-oc-planty\app\public\wp-content\plugins\pro-elements\core\admin\admin.php on line 264
[14-Dec-2023 19:20:19 UTC] PHP Warning:  Trying to access array offset on value of type bool in C:\Users\theor\Local Sites\p6-oc-planty\app\public\wp-admin\includes\ajax-actions.php on line 4659
